2024-11-18 18:39:17 [info]: POST /api/user/login 200 - 195ms (::1)
2024-11-18 18:39:37 [info]: DELETE /api/user/delete/6712d87716aa91e326866344 200 - 17ms (::1)
2024-11-18 18:39:58 [info]: POST /api/task/create 200 - 24ms (::1)
2024-11-18 18:40:43 [info]: DELETE /api/task/task/673b7bee9b8d4aa4b9890d3e 200 - 9ms (::1)
2024-11-18 18:40:57 [info]: DELETE /api/task/task/673b7bee9b8d4aa4b9890d3e 200 - 3ms (::1)
2024-11-18 18:41:01 [info]: DELETE /api/task/task/673b7bee9b8d4aa4b9890d3e 200 - 2ms (::1)
2024-11-18 18:41:07 [info]: GET /api/task/task/673a722700eb7da21c357501 200 - 4ms (::1)
2024-11-18 18:41:40 [info]: GET /api/task/list 200 - 18ms (::1)
2024-11-18 18:41:51 [info]: GET /api/task/task/list 200 - 1ms (::1)
2024-11-18 18:42:11 [info]: GET /api/task/list 200 - 4ms (::1)
2024-11-18 18:42:15 [info]: GET /api/task/list/ 200 - 3ms (::1)
2024-11-18 18:43:29 [info]: GET /api/task/list/ 200 - 3ms (::1)
2024-11-18 18:44:19 [info]: POST /api/task/create 200 - 18ms (::1)
2024-11-18 18:44:25 [info]: GET /api/task/list/ 200 - 5ms (::1)
2024-11-18 18:44:27 [info]: GET /api/task/list/1/3 200 - 3ms (::1)
2024-11-18 18:44:32 [info]: GET /api/task/list/1/3 200 - 3ms (::1)
2024-11-18 18:44:32 [info]: GET /api/task/list/1/3 200 - 3ms (::1)
2024-11-18 18:44:50 [info]: GET /api/task/task/673b7bee9b8d4aa4b9890d3e 200 - 3ms (::1)
2024-11-18 18:45:35 [info]: GET /api/task/task/673b7bee9b8d4aa4b9890d3e 200 - 11ms (::1)
2024-11-18 18:45:38 [info]: GET /api/task/task/673b7bee9b8d4aa4b9890d3e 200 - 3ms (::1)
2024-11-18 18:45:48 [info]: GET /api/task/task/673b7bee9b8d4aa4b9890d3e 200 - 3ms (::1)
2024-11-18 18:45:58 [info]: GET /api/task/list/1/3 200 - 8ms (::1)
2024-11-18 18:46:07 [info]: GET /api/task/task/670f930a96f295c8503ade1e 200 - 4ms (::1)
2024-11-18 18:46:11 [info]: GET /api/task/task/670f930a96f295c8503ade1e 200 - 2ms (::1)
2024-11-18 18:46:38 [info]: GET /api/task/task/670f930a96f295c8503ade1e 200 - 13ms (::1)
2024-11-18 18:46:39 [info]: GET /api/task/task/670f930a96f295c8503ade1e 200 - 4ms (::1)
2024-11-18 18:47:20 [info]: GET /api/task/task/670f930a96f295c8503ade1e 200 - 15ms (::1)
2024-11-18 18:48:26 [info]: GET /api/task/task/673b7cf3c0ba6ce00bd58cc7 200 - 9ms (::1)
2024-11-18 18:48:36 [info]: GET /api/task/task/673b7cf3c0ba6ce00bd58cc7 200 - 4ms (::1)
2024-11-18 18:49:04 [info]: GET /api/task/task/673b7cf3c0ba6ce00bd58cc7 200 - 18ms (::1)
2024-11-18 18:49:27 [info]: GET /api/task/task/673b7cf3c0ba6ce00bd58cc7 200 - 15ms (::1)
2024-11-18 18:49:30 [info]: GET /api/task/task/673b7cf3c0ba6ce00bd58cc7 200 - 7ms (::1)
2024-11-18 18:49:46 [info]: GET /api/task/list/1/3 200 - 6ms (::1)
2024-11-18 18:49:59 [info]: GET /api/task/task/673b7cf3c0ba6ce00bd58cc7 200 - 5ms (::1)
2024-11-18 18:50:05 [info]: GET /api/task/task/673b7cf3c0ba6ce00bd58cc7 200 - 5ms (::1)
2024-11-18 18:50:52 [info]: GET /api/task/task/673b7cf3c0ba6ce00bd58cc7 200 - 17ms (::1)
2024-11-18 18:50:58 [info]: POST /api/task/create 200 - 8ms (::1)
2024-11-18 18:51:00 [info]: POST /api/task/create 200 - 5ms (::1)
2024-11-18 18:51:02 [info]: GET /api/task/list/1/3 200 - 5ms (::1)
2024-11-18 18:51:05 [info]: GET /api/task/list/1/3 200 - 4ms (::1)
2024-11-18 18:51:16 [info]: GET /api/task/list/ 200 - 6ms (::1)
2024-11-18 18:51:18 [info]: GET /api/task/list 200 - 6ms (::1)
2024-11-18 18:51:26 [info]: GET /api/task/list 200 - 4ms (::1)
2024-11-18 18:52:10 [info]: DELETE /api/task/task/673b7cf3c0ba6ce00bd58cc7 200 - 3ms (::1)
2024-11-18 18:52:17 [info]: DELETE /api/task/task/673b7cf3c0ba6ce00bd58cc7 200 - 3ms (::1)
2024-11-18 18:52:20 [info]: GET /api/task/list 200 - 3ms (::1)
2024-11-18 18:52:26 [info]: GET /api/task/list 200 - 3ms (::1)
2024-11-18 18:52:33 [info]: DELETE /api/task/task/673b7e82142aef5ba6a051dc 200 - 4ms (::1)
2024-11-18 18:52:38 [info]: GET /api/task/list 200 - 3ms (::1)
2024-11-18 18:52:43 [info]: GET /api/task/list 200 - 5ms (::1)
2024-11-18 18:52:52 [info]: GET /api/task/list 200 - 2ms (::1)
2024-11-18 18:52:57 [info]: GET /api/task/list 200 - 4ms (::1)
2024-11-18 18:53:00 [info]: GET /api/task/list 200 - 3ms (::1)
