2024-11-19 22:42:30 [info]: GET /api/task/list 200 - 122ms (::1)
2024-11-19 22:43:20 [info]: PUT /api/task/task/673a611e9eaeae2bfcea41f7 200 - 58ms (::1)
2024-11-19 22:43:36 [info]: PUT /api/task/task/673a611e9eaeae2bfcea41f7 200 - 17ms (::1)
2024-11-19 22:43:39 [info]: PUT /api/task/task/673a611e9eaeae2bfcea41f7 200 - 4ms (::1)
2024-11-19 22:43:53 [info]: PUT /api/task/task/673a611e9eaeae2bfcea41f7 200 - 4ms (::1)
2024-11-19 22:43:58 [info]: GET /api/task/list 200 - 3ms (::1)
2024-11-19 22:44:04 [info]: PUT /api/task/task/673a611e9eaeae2bfcea41f7 200 - 4ms (::1)
2024-11-19 22:44:07 [info]: GET /api/task/list 200 - 3ms (::1)
2024-11-19 22:45:22 [info]: PUT /api/task/task/673a611e9eaeae2bfcea41f7 200 - 21ms (::1)
2024-11-19 22:45:26 [info]: PUT /api/task/task/673a611e9eaeae2bfcea41f7 200 - 6ms (::1)
2024-11-19 22:51:29 [info]: GET /api/task/list 200 - 19ms (::1)
2024-11-19 22:51:37 [info]: GET /api/task/tasksByUser/670f930a96f295c8503ade1e 200 - 14ms (::1)
2024-11-19 22:52:17 [info]: GET /api/user/list 200 - 46ms (::1)
2024-11-19 22:52:26 [info]: POST /api/task/create 200 - 18ms (::1)
2024-11-19 22:52:32 [info]: POST /api/task/create 200 - 4ms (::1)
2024-11-19 22:52:35 [info]: POST /api/task/create 200 - 5ms (::1)
2024-11-19 22:52:38 [info]: GET /api/task/tasksToUser/670f92be74667e2b3769670f 200 - 5ms (::1)
2024-11-19 22:55:13 [info]: PUT /api/task/task/673a611e9eaeae2bfcea41f7 200 - 20ms (::1)
2024-11-19 22:55:20 [info]: PUT /api/task/changeStatus/673a611e9eaeae2bfcea41f7 200 - 6ms (::1)
2024-11-19 22:55:28 [info]: PUT /api/task/changeStatus/673a611e9eaeae2bfcea41f7 200 - 4ms (::1)
2024-11-19 23:00:13 [info]: PUT /api/task/assignTask/673a611e9eaeae2bfcea41f7 200 - 26ms (::1)
2024-11-19 23:00:35 [info]: PUT /api/task/assignTask/673a611e9eaeae2bfcea41f7 200 - 6ms (::1)
2024-11-19 23:00:47 [info]: PUT /api/task/assignTask/673a611e9eaeae2bfcea41f7 200 - 5ms (::1)
2024-11-19 23:00:59 [info]: PUT /api/task/assignTask/673a611e9eaeae2bfcea41f7 200 - 3ms (::1)
2024-11-19 23:01:03 [info]: PUT /api/task/assignTask/673a611e9eaeae2bfcea41f7 200 - 2ms (::1)
2024-11-19 23:01:17 [info]: PUT /api/task/assignTask/673a611e9eaeae2bfcea41f7 200 - 5ms (::1)
2024-11-19 23:01:21 [info]: PUT /api/task/assignTask/673a611e9eaeae2bfcea41f7 200 - 1ms (::1)
2024-11-19 23:01:32 [info]: PUT /api/task/assignTask/673a611e9eaeae2bfcea41f7 200 - 4ms (::1)
2024-11-19 23:01:37 [info]: PUT /api/task/assignTask/6s73a611e9eaeae2bfcea41f7 200 - 1ms (::1)
2024-11-19 23:01:39 [info]: PUT /api/task/assignTask/673a611e9eaeae2bfcea41f7 200 - 0ms (::1)
